<?xml version="1.0" encoding="UTF-8"?>
<!DOCTYPE coverage SYSTEM "http://cobertura.sourceforge.net/xml/coverage-04.dtd">
<coverage line-rate="0.71698113207547" branch-rate="0" lines-covered="114" lines-valid="159" branches-covered="0" branches-valid="0" complexity="77" version="0.4">
  
  <packages>
    <package name="DatabaseManagerWithTagger.php" line-rate="1" branch-rate="0" complexity="16">
      <classes>
        <class name="SquidIT\Cycle\Sql\Tagger\DatabaseManagerWithTagger" filename="src/DatabaseManagerWithTagger.php" line-rate="1" branch-rate="0" complexity="16">
          <methods>
            <method name="__construct" signature="Cycle\Database\Config\DatabaseConfig $config, ?Cycle\Database\LoggerFactoryInterface $loggerFactory" line-rate="1" branch-rate="0" complexity="1">
              <lines>
                <line number="31" hits="6"/>
              </lines>
            </method>
            <method name="setLogger" signature="Psr\Log\LoggerInterface $logger" line-rate="1" branch-rate="0" complexity="3">
              <lines>
                <line number="38" hits="2"/>
                <line number="41" hits="2"/>
                <line number="42" hits="1"/>
                <line number="43" hits="1"/>
              </lines>
            </method>
            <method name="database" signature="?string $database" line-rate="1" branch-rate="0" complexity="4">
              <lines>
                <line number="53" hits="3"/>
                <line number="54" hits="2"/>
                <line number="59" hits="3"/>
                <line number="61" hits="3"/>
                <line number="62" hits="1"/>
                <line number="65" hits="3"/>
                <line number="66" hits="3"/>
                <line number="67" hits="3"/>
                <line number="69" hits="3"/>
              </lines>
            </method>
            <method name="driver" signature="string $driver" line-rate="1" branch-rate="0" complexity="4">
              <lines>
                <line number="79" hits="6"/>
                <line number="80" hits="3"/>
                <line number="83" hits="6"/>
                <line number="84" hits="6"/>
                <line number="86" hits="6"/>
                <line number="87" hits="6"/>
                <line number="89" hits="6"/>
                <line number="90" hits="1"/>
                <line number="94" hits="6"/>
              </lines>
            </method>
            <method name="makeDatabase" signature="Cycle\Database\Config\DatabasePartial $database" line-rate="1" branch-rate="0" complexity="2">
              <lines>
                <line number="99" hits="3"/>
                <line number="100" hits="3"/>
                <line number="101" hits="3"/>
                <line number="102" hits="3"/>
                <line number="103" hits="3"/>
                <line number="104" hits="3"/>
                <line number="106" hits="3"/>
              </lines>
            </method>
            <method name="getLoggerForDriver" signature="Cycle\Database\Driver\DriverInterface $driver" line-rate="1" branch-rate="0" complexity="2">
              <lines>
                <line number="111" hits="6"/>
                <line number="112" hits="5"/>
                <line number="115" hits="1"/>
              </lines>
            </method>
          </methods>
          <lines>
            <line number="31" hits="6"/>
            <line number="38" hits="2"/>
            <line number="41" hits="2"/>
            <line number="42" hits="1"/>
            <line number="43" hits="1"/>
            <line number="53" hits="3"/>
            <line number="54" hits="2"/>
            <line number="59" hits="3"/>
            <line number="61" hits="3"/>
            <line number="62" hits="1"/>
            <line number="65" hits="3"/>
            <line number="66" hits="3"/>
            <line number="67" hits="3"/>
            <line number="69" hits="3"/>
            <line number="79" hits="6"/>
            <line number="80" hits="3"/>
            <line number="83" hits="6"/>
            <line number="84" hits="6"/>
            <line number="86" hits="6"/>
            <line number="87" hits="6"/>
            <line number="89" hits="6"/>
            <line number="90" hits="1"/>
            <line number="94" hits="6"/>
            <line number="99" hits="3"/>
            <line number="100" hits="3"/>
            <line number="101" hits="3"/>
            <line number="102" hits="3"/>
            <line number="103" hits="3"/>
            <line number="104" hits="3"/>
            <line number="106" hits="3"/>
            <line number="111" hits="6"/>
            <line number="112" hits="5"/>
            <line number="115" hits="1"/>
          </lines>
        </class>
      </classes>
    </package>
    <package name="DatabaseWithTagger.php" line-rate="1" branch-rate="0" complexity="23">
      <classes>
        <class name="SquidIT\Cycle\Sql\Tagger\DatabaseWithTagger" filename="src/DatabaseWithTagger.php" line-rate="1" branch-rate="0" complexity="23">
          <methods>
            <method name="__construct" signature="Cycle\Database\DatabaseInterface $db" line-rate="1" branch-rate="0" complexity="1">
              <lines>
                <line number="35" hits="26"/>
              </lines>
            </method>
            <method name="getName" signature="" line-rate="1" branch-rate="0" complexity="1">
              <lines>
                <line number="39" hits="2"/>
              </lines>
            </method>
            <method name="getType" signature="" line-rate="1" branch-rate="0" complexity="1">
              <lines>
                <line number="44" hits="1"/>
              </lines>
            </method>
            <method name="getDriver" signature="int $type" line-rate="1" branch-rate="0" complexity="1">
              <lines>
                <line number="49" hits="1"/>
              </lines>
            </method>
            <method name="withPrefix" signature="string $prefix, bool $add" line-rate="1" branch-rate="0" complexity="1">
              <lines>
                <line number="57" hits="1"/>
              </lines>
            </method>
            <method name="getPrefix" signature="" line-rate="1" branch-rate="0" complexity="1">
              <lines>
                <line number="62" hits="1"/>
              </lines>
            </method>
            <method name="hasTable" signature="string $name" line-rate="1" branch-rate="0" complexity="1">
              <lines>
                <line number="67" hits="1"/>
              </lines>
            </method>
            <method name="getTables" signature="" line-rate="1" branch-rate="0" complexity="1">
              <lines>
                <line number="72" hits="1"/>
              </lines>
            </method>
            <method name="table" signature="string $name" line-rate="1" branch-rate="0" complexity="1">
              <lines>
                <line number="77" hits="2"/>
              </lines>
            </method>
            <method name="execute" signature="string $query, array $parameters" line-rate="1" branch-rate="0" complexity="1">
              <lines>
                <line number="85" hits="1"/>
                <line number="86" hits="1"/>
                <line number="88" hits="1"/>
              </lines>
            </method>
            <method name="query" signature="string $query, array $parameters" line-rate="1" branch-rate="0" complexity="1">
              <lines>
                <line number="96" hits="3"/>
                <line number="97" hits="3"/>
                <line number="99" hits="3"/>
              </lines>
            </method>
            <method name="insert" signature="string $table" line-rate="1" branch-rate="0" complexity="1">
              <lines>
                <line number="108" hits="1"/>
                <line number="110" hits="1"/>
              </lines>
            </method>
            <method name="update" signature="string $table, array $values, array $where" line-rate="1" branch-rate="0" complexity="1">
              <lines>
                <line number="119" hits="1"/>
                <line number="121" hits="1"/>
              </lines>
            </method>
            <method name="delete" signature="string $table, array $where" line-rate="1" branch-rate="0" complexity="1">
              <lines>
                <line number="130" hits="2"/>
                <line number="132" hits="2"/>
              </lines>
            </method>
            <method name="select" signature="$columns" line-rate="1" branch-rate="0" complexity="1">
              <lines>
                <line number="141" hits="2"/>
                <line number="143" hits="2"/>
              </lines>
            </method>
            <method name="transaction" signature="callable $callback, ?string $isolationLevel" line-rate="1" branch-rate="0" complexity="1">
              <lines>
                <line number="150" hits="1"/>
              </lines>
            </method>
            <method name="begin" signature="?string $isolationLevel" line-rate="1" branch-rate="0" complexity="1">
              <lines>
                <line number="155" hits="1"/>
              </lines>
            </method>
            <method name="commit" signature="" line-rate="1" branch-rate="0" complexity="1">
              <lines>
                <line number="160" hits="1"/>
              </lines>
            </method>
            <method name="rollback" signature="" line-rate="1" branch-rate="0" complexity="1">
              <lines>
                <line number="165" hits="1"/>
              </lines>
            </method>
            <method name="__get" signature="string $name" line-rate="1" branch-rate="0" complexity="1">
              <lines>
                <line number="175" hits="1"/>
              </lines>
            </method>
            <method name="addTag" signature="Cycle\Database\Query\QueryInterface $query" line-rate="1" branch-rate="0" complexity="3">
              <lines>
                <line number="189" hits="6"/>
                <line number="190" hits="1"/>
                <line number="193" hits="5"/>
                <line number="195" hits="5"/>
                <line number="196" hits="1"/>
                <line number="197" hits="1"/>
                <line number="198" hits="1"/>
                <line number="202" hits="4"/>
                <line number="203" hits="4"/>
                <line number="205" hits="4"/>
              </lines>
            </method>
          </methods>
          <lines>
            <line number="35" hits="26"/>
            <line number="39" hits="2"/>
            <line number="44" hits="1"/>
            <line number="49" hits="1"/>
            <line number="57" hits="1"/>
            <line number="62" hits="1"/>
            <line number="67" hits="1"/>
            <line number="72" hits="1"/>
            <line number="77" hits="2"/>
            <line number="85" hits="1"/>
            <line number="86" hits="1"/>
            <line number="88" hits="1"/>
            <line number="96" hits="3"/>
            <line number="97" hits="3"/>
            <line number="99" hits="3"/>
            <line number="108" hits="1"/>
            <line number="110" hits="1"/>
            <line number="119" hits="1"/>
            <line number="121" hits="1"/>
            <line number="130" hits="2"/>
            <line number="132" hits="2"/>
            <line number="141" hits="2"/>
            <line number="143" hits="2"/>
            <line number="150" hits="1"/>
            <line number="155" hits="1"/>
            <line number="160" hits="1"/>
            <line number="165" hits="1"/>
            <line number="175" hits="1"/>
            <line number="189" hits="6"/>
            <line number="190" hits="1"/>
            <line number="193" hits="5"/>
            <line number="195" hits="5"/>
            <line number="196" hits="1"/>
            <line number="197" hits="1"/>
            <line number="198" hits="1"/>
            <line number="202" hits="4"/>
            <line number="203" hits="4"/>
            <line number="205" hits="4"/>
          </lines>
        </class>
      </classes>
    </package>
    <package name="Driver\MySQL\MySQLTagDriver.php" line-rate="1" branch-rate="0" complexity="1">
      <classes>
        <class name="SquidIT\Cycle\Sql\Tagger\Driver\MySQL\MySQLTagDriver" filename="src/Driver\MySQL\MySQLTagDriver.php" line-rate="1" branch-rate="0" complexity="1">
          <methods>
            <method name="create" signature="Cycle\Database\Config\DriverConfig $config" line-rate="1" branch-rate="0" complexity="1">
              <lines>
                <line number="21" hits="12"/>
                <line number="22" hits="12"/>
                <line number="23" hits="12"/>
                <line number="24" hits="12"/>
                <line number="25" hits="12"/>
                <line number="26" hits="12"/>
                <line number="27" hits="12"/>
                <line number="28" hits="12"/>
                <line number="29" hits="12"/>
                <line number="30" hits="12"/>
                <line number="31" hits="12"/>
              </lines>
            </method>
          </methods>
          <lines>
            <line number="21" hits="12"/>
            <line number="22" hits="12"/>
            <line number="23" hits="12"/>
            <line number="24" hits="12"/>
            <line number="25" hits="12"/>
            <line number="26" hits="12"/>
            <line number="27" hits="12"/>
            <line number="28" hits="12"/>
            <line number="29" hits="12"/>
            <line number="30" hits="12"/>
            <line number="31" hits="12"/>
          </lines>
        </class>
      </classes>
    </package>
    <package name="Driver\MySQL\Query\InsertQueryWithTagger.php" line-rate="0" branch-rate="0" complexity="0">
      <classes>
        <class name="SquidIT\Cycle\Sql\Tagger\Driver\MySQL\Query\InsertQueryWithTagger" filename="src/Driver\MySQL\Query\InsertQueryWithTagger.php" line-rate="0" branch-rate="0" complexity="0">
          <methods/>
          <lines/>
        </class>
      </classes>
    </package>
    <package name="Driver\MySQL\Query\MySQLDeleteQueryWithTagger.php" line-rate="0" branch-rate="0" complexity="0">
      <classes>
        <class name="SquidIT\Cycle\Sql\Tagger\Driver\MySQL\Query\MySQLDeleteQueryWithTagger" filename="src/Driver\MySQL\Query\MySQLDeleteQueryWithTagger.php" line-rate="0" branch-rate="0" complexity="0">
          <methods/>
          <lines/>
        </class>
      </classes>
    </package>
    <package name="Driver\MySQL\Query\MySQLSelectQueryWithTagger.php" line-rate="0" branch-rate="0" complexity="0">
      <classes>
        <class name="SquidIT\Cycle\Sql\Tagger\Driver\MySQL\Query\MySQLSelectQueryWithTagger" filename="src/Driver\MySQL\Query\MySQLSelectQueryWithTagger.php" line-rate="0" branch-rate="0" complexity="0">
          <methods/>
          <lines/>
        </class>
      </classes>
    </package>
    <package name="Driver\MySQL\Query\MySQLUpdateQueryWithTagger.php" line-rate="0" branch-rate="0" complexity="0">
      <classes>
        <class name="SquidIT\Cycle\Sql\Tagger\Driver\MySQL\Query\MySQLUpdateQueryWithTagger" filename="src/Driver\MySQL\Query\MySQLUpdateQueryWithTagger.php" line-rate="0" branch-rate="0" complexity="0">
          <methods/>
          <lines/>
        </class>
      </classes>
    </package>
    <package name="Exception\NotImplemented.php" line-rate="0" branch-rate="0" complexity="0">
      <classes>
        <class name="SquidIT\Cycle\Sql\Tagger\Exception\NotImplemented" filename="src/Exception\NotImplemented.php" line-rate="0" branch-rate="0" complexity="0">
          <methods/>
          <lines/>
        </class>
      </classes>
    </package>
    <package name="Exception\SqlTaggerException.php" line-rate="0" branch-rate="0" complexity="0">
      <classes>
        <class name="SquidIT\Cycle\Sql\Tagger\Exception\SqlTaggerException" filename="src/Exception\SqlTaggerException.php" line-rate="0" branch-rate="0" complexity="0">
          <methods/>
          <lines/>
        </class>
      </classes>
    </package>
    <package name="Interface\WithTaggerInterface.php" line-rate="0" branch-rate="0" complexity="0">
      <classes/>
    </package>
    <package name="TableWithTagger.php" line-rate="0.021739130434783" branch-rate="0" complexity="26">
      <classes>
        <class name="SquidIT\Cycle\Sql\Tagger\TableWithTagger" filename="src/TableWithTagger.php" line-rate="0.021739130434783" branch-rate="0" complexity="26">
          <methods>
            <method name="__construct" signature="SquidIT\Cycle\Sql\Tagger\DatabaseWithTagger $database, string $name" line-rate="1" branch-rate="0" complexity="1">
              <lines>
                <line number="39" hits="2"/>
              </lines>
            </method>
            <method name="getDatabase" signature="" line-rate="0" branch-rate="0" complexity="1">
              <lines>
                <line number="46" hits="0"/>
              </lines>
            </method>
            <method name="getFullName" signature="" line-rate="0" branch-rate="0" complexity="1">
              <lines>
                <line number="56" hits="0"/>
              </lines>
            </method>
            <method name="getName" signature="" line-rate="0" branch-rate="0" complexity="1">
              <lines>
                <line number="64" hits="0"/>
              </lines>
            </method>
            <method name="getSchema" signature="" line-rate="0" branch-rate="0" complexity="1">
              <lines>
                <line number="72" hits="0"/>
                <line number="73" hits="0"/>
                <line number="74" hits="0"/>
                <line number="75" hits="0"/>
                <line number="76" hits="0"/>
                <line number="77" hits="0"/>
                <line number="78" hits="0"/>
              </lines>
            </method>
            <method name="eraseData" signature="" line-rate="0" branch-rate="0" complexity="1">
              <lines>
                <line number="86" hits="0"/>
                <line number="87" hits="0"/>
                <line number="88" hits="0"/>
                <line number="89" hits="0"/>
              </lines>
            </method>
            <method name="insertOne" signature="array $rowset" line-rate="0" branch-rate="0" complexity="1">
              <lines>
                <line number="104" hits="0"/>
                <line number="105" hits="0"/>
                <line number="106" hits="0"/>
                <line number="107" hits="0"/>
              </lines>
            </method>
            <method name="insertMultiple" signature="array $columns, array $rowsets" line-rate="0" branch-rate="0" complexity="1">
              <lines>
                <line number="125" hits="0"/>
                <line number="126" hits="0"/>
                <line number="127" hits="0"/>
                <line number="128" hits="0"/>
                <line number="129" hits="0"/>
              </lines>
            </method>
            <method name="insert" signature="" line-rate="0" branch-rate="0" complexity="1">
              <lines>
                <line number="139" hits="0"/>
                <line number="140" hits="0"/>
              </lines>
            </method>
            <method name="select" signature="mixed $columns" line-rate="0" branch-rate="0" complexity="2">
              <lines>
                <line number="151" hits="0"/>
                <line number="152" hits="0"/>
                <line number="153" hits="0"/>
              </lines>
            </method>
            <method name="delete" signature="array $where" line-rate="0" branch-rate="0" complexity="1">
              <lines>
                <line number="167" hits="0"/>
                <line number="168" hits="0"/>
              </lines>
            </method>
            <method name="update" signature="array $values, array $where" line-rate="0" branch-rate="0" complexity="1">
              <lines>
                <line number="182" hits="0"/>
                <line number="183" hits="0"/>
              </lines>
            </method>
            <method name="count" signature="" line-rate="0" branch-rate="0" complexity="1">
              <lines>
                <line number="193" hits="0"/>
              </lines>
            </method>
            <method name="getIterator" signature="" line-rate="0" branch-rate="0" complexity="1">
              <lines>
                <line number="205" hits="0"/>
              </lines>
            </method>
            <method name="fetchAll" signature="" line-rate="0" branch-rate="0" complexity="1">
              <lines>
                <line number="215" hits="0"/>
              </lines>
            </method>
            <method name="exists" signature="" line-rate="0" branch-rate="0" complexity="1">
              <lines>
                <line number="220" hits="0"/>
              </lines>
            </method>
            <method name="getPrimaryKeys" signature="" line-rate="0" branch-rate="0" complexity="1">
              <lines>
                <line number="229" hits="0"/>
              </lines>
            </method>
            <method name="hasColumn" signature="string $name" line-rate="0" branch-rate="0" complexity="1">
              <lines>
                <line number="239" hits="0"/>
              </lines>
            </method>
            <method name="getColumns" signature="" line-rate="0" branch-rate="0" complexity="1">
              <lines>
                <line number="249" hits="0"/>
              </lines>
            </method>
            <method name="hasIndex" signature="array $columns" line-rate="0" branch-rate="0" complexity="1">
              <lines>
                <line number="257" hits="0"/>
              </lines>
            </method>
            <method name="getIndexes" signature="" line-rate="0" branch-rate="0" complexity="1">
              <lines>
                <line number="267" hits="0"/>
              </lines>
            </method>
            <method name="hasForeignKey" signature="array $columns" line-rate="0" branch-rate="0" complexity="1">
              <lines>
                <line number="277" hits="0"/>
              </lines>
            </method>
            <method name="getForeignKeys" signature="" line-rate="0" branch-rate="0" complexity="1">
              <lines>
                <line number="287" hits="0"/>
              </lines>
            </method>
            <method name="getDependencies" signature="" line-rate="0" branch-rate="0" complexity="1">
              <lines>
                <line number="296" hits="0"/>
              </lines>
            </method>
            <method name="__call" signature="string $method, array $arguments" line-rate="0" branch-rate="0" complexity="1">
              <lines>
                <line number="311" hits="0"/>
              </lines>
            </method>
          </methods>
          <lines>
            <line number="39" hits="2"/>
            <line number="46" hits="0"/>
            <line number="56" hits="0"/>
            <line number="64" hits="0"/>
            <line number="72" hits="0"/>
            <line number="73" hits="0"/>
            <line number="74" hits="0"/>
            <line number="75" hits="0"/>
            <line number="76" hits="0"/>
            <line number="77" hits="0"/>
            <line number="78" hits="0"/>
            <line number="86" hits="0"/>
            <line number="87" hits="0"/>
            <line number="88" hits="0"/>
            <line number="89" hits="0"/>
            <line number="104" hits="0"/>
            <line number="105" hits="0"/>
            <line number="106" hits="0"/>
            <line number="107" hits="0"/>
            <line number="125" hits="0"/>
            <line number="126" hits="0"/>
            <line number="127" hits="0"/>
            <line number="128" hits="0"/>
            <line number="129" hits="0"/>
            <line number="139" hits="0"/>
            <line number="140" hits="0"/>
            <line number="151" hits="0"/>
            <line number="152" hits="0"/>
            <line number="153" hits="0"/>
            <line number="167" hits="0"/>
            <line number="168" hits="0"/>
            <line number="182" hits="0"/>
            <line number="183" hits="0"/>
            <line number="193" hits="0"/>
            <line number="205" hits="0"/>
            <line number="215" hits="0"/>
            <line number="220" hits="0"/>
            <line number="229" hits="0"/>
            <line number="239" hits="0"/>
            <line number="249" hits="0"/>
            <line number="257" hits="0"/>
            <line number="267" hits="0"/>
            <line number="277" hits="0"/>
            <line number="287" hits="0"/>
            <line number="296" hits="0"/>
            <line number="311" hits="0"/>
          </lines>
        </class>
      </classes>
    </package>
    <package name="Trait\SQLStatementWithTagTrait.php" line-rate="1" branch-rate="0" complexity="2">
      <classes>
        <class name="SquidIT\Cycle\Sql\Tagger\Trait\SQLStatementWithTagTrait" filename="src/Trait\SQLStatementWithTagTrait.php" line-rate="1" branch-rate="0" complexity="2">
          <methods>
            <method name="sqlStatement" signature="?Cycle\Database\Query\QueryParameters $parameters" line-rate="1" branch-rate="0" complexity="2">
              <lines>
                <line number="18" hits="5"/>
                <line number="21" hits="5"/>
                <line number="22" hits="5"/>
                <line number="23" hits="5"/>
                <line number="24" hits="5"/>
                <line number="25" hits="5"/>
              </lines>
            </method>
          </methods>
          <lines>
            <line number="18" hits="5"/>
            <line number="21" hits="5"/>
            <line number="22" hits="5"/>
            <line number="23" hits="5"/>
            <line number="24" hits="5"/>
            <line number="25" hits="5"/>
          </lines>
        </class>
      </classes>
    </package>
    <package name="Trait\WithTaggerTrait.php" line-rate="1" branch-rate="0" complexity="9">
      <classes>
        <class name="SquidIT\Cycle\Sql\Tagger\Trait\WithTaggerTrait" filename="src/Trait\WithTaggerTrait.php" line-rate="1" branch-rate="0" complexity="9">
          <methods>
            <method name="tagQueryWithComment" signature="array|string $comment" line-rate="1" branch-rate="0" complexity="5">
              <lines>
                <line number="20" hits="8"/>
                <line number="21" hits="7"/>
                <line number="24" hits="8"/>
                <line number="26" hits="8"/>
                <line number="27" hits="8"/>
                <line number="29" hits="8"/>
                <line number="30" hits="1"/>
                <line number="33" hits="8"/>
                <line number="36" hits="8"/>
                <line number="37" hits="8"/>
                <line number="40" hits="8"/>
              </lines>
            </method>
            <method name="createSqlComment" signature="" line-rate="1" branch-rate="0" complexity="3">
              <lines>
                <line number="45" hits="9"/>
                <line number="46" hits="2"/>
                <line number="49" hits="7"/>
                <line number="51" hits="7"/>
                <line number="52" hits="6"/>
                <line number="54" hits="1"/>
                <line number="55" hits="1"/>
                <line number="56" hits="1"/>
                <line number="57" hits="1"/>
                <line number="59" hits="1"/>
                <line number="60" hits="1"/>
                <line number="62" hits="1"/>
                <line number="65" hits="7"/>
              </lines>
            </method>
            <method name="getTimestamp" signature="" line-rate="1" branch-rate="0" complexity="1">
              <lines>
                <line number="70" hits="7"/>
              </lines>
            </method>
          </methods>
          <lines>
            <line number="20" hits="8"/>
            <line number="21" hits="7"/>
            <line number="24" hits="8"/>
            <line number="26" hits="8"/>
            <line number="27" hits="8"/>
            <line number="29" hits="8"/>
            <line number="30" hits="1"/>
            <line number="33" hits="8"/>
            <line number="36" hits="8"/>
            <line number="37" hits="8"/>
            <line number="40" hits="8"/>
            <line number="45" hits="9"/>
            <line number="46" hits="2"/>
            <line number="49" hits="7"/>
            <line number="51" hits="7"/>
            <line number="52" hits="6"/>
            <line number="54" hits="1"/>
            <line number="55" hits="1"/>
            <line number="56" hits="1"/>
            <line number="57" hits="1"/>
            <line number="59" hits="1"/>
            <line number="60" hits="1"/>
            <line number="62" hits="1"/>
            <line number="65" hits="7"/>
            <line number="70" hits="7"/>
          </lines>
        </class>
      </classes>
    </package>
  </packages>
</coverage>
